<?xml version="1.0" encoding="UTF-8"?>
<testsuite name="org.testing.bookcollection.FindTest" tests="1" skipped="0" failures="0" errors="0" timestamp="2023-09-28T17:42:42" hostname="DESKTOP-JULEN" time="0.013">
  <properties/>
  <testcase name="shouldGetExceptionWhenUsingFindOrFailWithAnEmptyCollection()" classname="org.testing.bookcollection.FindTest" time="0.013"/>
  <system-out><![CDATA[]]></system-out>
  <system-err><![CDATA[]]></system-err>
</testsuite>
